{
  "RSpec": {
    "coverage": {
      "/Users/thunderwolf/turing/mod2/challenge/book_club/config/environment.rb": [
        null,
        1,
        null,
        null,
        1
      ],
      "/Users/thunderwolf/turing/mod2/challenge/book_club/config/application.rb": [
        1,
        null,
        1,
        null,
        1,
        1,
        1,
        1,
        1,
        1,
        1,
        1,
        null,
        null,
        null,
        null,
        1,
        null,
        1,
        1,
        null,
        1,
        null,
        null,
        null,
        null,
        null,
        null,
        1,
        null,
        null
      ],
      "/Users/thunderwolf/turing/mod2/challenge/book_club/config/boot.rb": [
        1,
        null,
        1
      ],
      "/Users/thunderwolf/turing/mod2/challenge/book_club/config/environments/test.rb": [
        1,
        null,
        null,
        null,
        null,
        null,
        null,
        1,
        null,
        null,
        null,
        null,
        1,
        null,
        null,
        1,
        1,
        null,
        null,
        null,
        null,
        1,
        1,
        null,
        null,
        1,
        null,
        null,
        1,
        1,
        null,
        null,
        null,
        null,
        1,
        null,
        null,
        1,
        null,
        null,
        null,
        null
      ],
      "/Users/thunderwolf/turing/mod2/challenge/book_club/config/initializers/application_controller_renderer.rb": [
        null,
        null,
        null,
        null,
        null,
        null,
        null,
        null
      ],
      "/Users/thunderwolf/turing/mod2/challenge/book_club/config/initializers/assets.rb": [
        null,
        null,
        null,
        1,
        null,
        null,
        null,
        null,
        1,
        null,
        null,
        null,
        null,
        null
      ],
      "/Users/thunderwolf/turing/mod2/challenge/book_club/config/initializers/backtrace_silencers.rb": [
        null,
        null,
        null,
        null,
        null,
        null,
        null
      ],
      "/Users/thunderwolf/turing/mod2/challenge/book_club/config/initializers/cookies_serializer.rb": [
        null,
        null,
        null,
        null,
        1
      ],
      "/Users/thunderwolf/turing/mod2/challenge/book_club/config/initializers/filter_parameter_logging.rb": [
        null,
        null,
        null,
        1
      ],
      "/Users/thunderwolf/turing/mod2/challenge/book_club/config/initializers/inflections.rb": [
        null,
        null,
        null,
        null,
        null,
        null,
        null,
        null,
        null,
        null,
        null,
        null,
        null,
        null,
        null,
        null
      ],
      "/Users/thunderwolf/turing/mod2/challenge/book_club/config/initializers/mime_types.rb": [
        null,
        null,
        null,
        null
      ],
      "/Users/thunderwolf/turing/mod2/challenge/book_club/config/initializers/wrap_parameters.rb": [
        null,
        null,
        null,
        null,
        null,
        null,
        1,
        2,
        null,
        null,
        null,
        null,
        null,
        null
      ],
      "/Users/thunderwolf/turing/mod2/challenge/book_club/config/routes.rb": [
        1,
        null,
        1,
        1,
        1,
        null,
        null
      ],
      "/Users/thunderwolf/turing/mod2/challenge/book_club/app/helpers/application_helper.rb": [
        1,
        null
      ],
      "/Users/thunderwolf/turing/mod2/challenge/book_club/spec/features/books/index_spec.rb": [
        1,
        null,
        1,
        1,
        1,
        null,
        null,
        null,
        1,
        null,
        null,
        null,
        null,
        1,
        null,
        null,
        1,
        null,
        null,
        1,
        null,
        null,
        1,
        1,
        1,
        null,
        1,
        null,
        1,
        1,
        1,
        1,
        1,
        1,
        1,
        null,
        null,
        1,
        1,
        1,
        1,
        1,
        null,
        null,
        null
      ],
      "/Users/thunderwolf/turing/mod2/challenge/book_club/spec/models/author_spec.rb": [
        1,
        null,
        1,
        1,
        2,
        null,
        null,
        1,
        2,
        2,
        null,
        null
      ],
      "/Users/thunderwolf/turing/mod2/challenge/book_club/app/models/author.rb": [
        1,
        1,
        null,
        1,
        1,
        null,
        1,
        3,
        null,
        null
      ],
      "/Users/thunderwolf/turing/mod2/challenge/book_club/app/models/application_record.rb": [
        1,
        1,
        null
      ],
      "/Users/thunderwolf/turing/mod2/challenge/book_club/spec/models/book_author_spec.rb": [
        1,
        null,
        1,
        1,
        2,
        2,
        null,
        null
      ],
      "/Users/thunderwolf/turing/mod2/challenge/book_club/app/models/book_author.rb": [
        1,
        1,
        1,
        null
      ],
      "/Users/thunderwolf/turing/mod2/challenge/book_club/spec/models/book_spec.rb": [
        1,
        null,
        1,
        1,
        2,
        2,
        2,
        null,
        null,
        null,
        1,
        2,
        2,
        null,
        null
      ],
      "/Users/thunderwolf/turing/mod2/challenge/book_club/app/models/book.rb": [
        1,
        1,
        null,
        1,
        1,
        null
      ],
      "/Users/thunderwolf/turing/mod2/challenge/book_club/app/controllers/books_controller.rb": [
        1,
        1,
        2,
        null,
        null
      ],
      "/Users/thunderwolf/turing/mod2/challenge/book_club/app/controllers/application_controller.rb": [
        1,
        1,
        null
      ],
      "/Users/thunderwolf/turing/mod2/challenge/book_club/app/controllers/authors_controller.rb": [
        1,
        1,
        1,
        null,
        null
      ]
    },
    "timestamp": 1576525515
  }
}
